Build started 01-03-2016 18:44:32.
     1>Project "G:\Google Drive\Academics\Programming\C++\6140\Circuit Simulator\Circuit Simulator.vcxproj" on node 2 (Build target(s)).
     1>ClCompile:
         C:\Program Files (x86)\Microsoft Visual Studio 11.0\VC\bin\CL.exe /c /ZI /nologo /W3 /WX- /sdl /Od /Oy- /D _MBCS /Gm /EHsc /RTC1 /MDd /GS /fp:precise /Zc:wchar_t /Zc:forScope /Fo"Debug\\" /Fd"Debug\vc110.pdb" /Gd /TP /analyze- /errorReport:prompt Source.cpp
         Source.cpp
     1>g:\google drive\academics\programming\c++\6140\circuit simulator\source.cpp(106): warning C4018: '<=' : signed/unsigned mismatch
     1>g:\google drive\academics\programming\c++\6140\circuit simulator\source.cpp(120): warning C4018: '<=' : signed/unsigned mismatch
     1>g:\google drive\academics\programming\c++\6140\circuit simulator\source.cpp(164): warning C4018: '<' : signed/unsigned mismatch
     1>g:\google drive\academics\programming\c++\6140\circuit simulator\source.cpp(165): warning C4018: '<=' : signed/unsigned mismatch
     1>g:\google drive\academics\programming\c++\6140\circuit simulator\source.cpp(200): warning C4018: '<' : signed/unsigned mismatch
     1>g:\google drive\academics\programming\c++\6140\circuit simulator\source.cpp(203): warning C4018: '<' : signed/unsigned mismatch
     1>g:\google drive\academics\programming\c++\6140\circuit simulator\source.cpp(227): warning C4018: '<' : signed/unsigned mismatch
     1>g:\google drive\academics\programming\c++\6140\circuit simulator\source.cpp(231): warning C4018: '<' : signed/unsigned mismatch
     1>g:\google drive\academics\programming\c++\6140\circuit simulator\source.cpp(238): warning C4018: '<' : signed/unsigned mismatch
     1>g:\google drive\academics\programming\c++\6140\circuit simulator\source.cpp(311): warning C4018: '<' : signed/unsigned mismatch
     1>g:\google drive\academics\programming\c++\6140\circuit simulator\source.cpp(219): warning C4715: 'Simulator::createOutputFile' : not all control paths return a value
       Link:
         C:\Program Files (x86)\Microsoft Visual Studio 11.0\VC\bin\link.exe /ERRORREPORT:PROMPT /OUT:"G:\Google Drive\Academics\Programming\C++\6140\Circuit Simulator\Debug\Circuit Simulator.exe" /INCREMENTAL /NOLOGO kernel32.lib user32.lib gdi32.lib winspool.lib comdlg32.lib advapi32.lib shell32.lib ole32.lib oleaut32.lib uuid.lib odbc32.lib odbccp32.lib /MANIFEST /MANIFESTUAC:"level='asInvoker' uiAccess='false'" /manifest:embed /DEBUG /PDB:"G:\Google Drive\Academics\Programming\C++\6140\Circuit Simulator\Debug\Circuit Simulator.pdb" /SUBSYSTEM:CONSOLE /TLBID:1 /DYNAMICBASE /NXCOMPAT /IMPLIB:"G:\Google Drive\Academics\Programming\C++\6140\Circuit Simulator\Debug\Circuit Simulator.lib" /MACHINE:X86 Debug\Source.obj
         Circuit Simulator.vcxproj -> G:\Google Drive\Academics\Programming\C++\6140\Circuit Simulator\Debug\Circuit Simulator.exe
     1>Done Building Project "G:\Google Drive\Academics\Programming\C++\6140\Circuit Simulator\Circuit Simulator.vcxproj" (Build target(s)).

Build succeeded.

Time Elapsed 00:00:01.28
